2023-12-02T00:00:21.107-05:00  INFO 76922 --- [http-nio-8081-exec-9] com.axlr8.backend.Service.LoanService    : loan:  successfully calculated
2023-12-02T00:00:59.450-05:00  INFO 77084 --- [main] com.axlr8.backend.BackendApplication     : Starting BackendApplication using Java 21.0.1 with PID 77084 (/Users/mafu/Desktop/XLR8/backend/target/classes started by mafu in /Users/mafu/Desktop/XLR8)
2023-12-02T00:00:59.451-05:00 DEBUG 77084 --- [main] com.axlr8.backend.BackendApplication     : Running with Spring Boot v3.1.5, Spring v6.0.13
2023-12-02T00:00:59.452-05:00  INFO 77084 --- [main] com.axlr8.backend.BackendApplication     : No active profile set, falling back to 1 default profile: "default"
2023-12-02T00:01:01.921-05:00  WARN 77084 --- [main] org.hibernate.orm.deprecation            : HHH90000025: PostgreSQLDialect does not need to be specified explicitly using 'hibernate.dialect' (remove the property setting and it will be selected by default)
2023-12-02T00:01:07.031-05:00 DEBUG 77084 --- [main] c.a.b.config.JwtAuthenticationFilter     : Filter 'jwtAuthenticationFilter' configured for use
2023-12-02T00:01:07.253-05:00  WARN 77084 --- [main] JpaBaseConfiguration$JpaWebConfiguration : spring.jpa.open-in-view is enabled by default. Therefore, database queries may be performed during view rendering. Explicitly configure spring.jpa.open-in-view to disable this warning
2023-12-02T00:01:07.649-05:00  INFO 77084 --- [main] com.axlr8.backend.BackendApplication     : Started BackendApplication in 8.429 seconds (process running for 8.717)
2023-12-02T00:01:08.897-05:00  WARN 77084 --- [registrationTask1] d.c.b.a.c.r.ApplicationRegistrator       : Failed to register application as Application(name=Axlr8Backend, managementUrl=http://localhost:8081/actuator, healthUrl=http://localhost:8081/actuator/health, serviceUrl=http://localhost:8081/) at spring-boot-admin ([http://localhost:8080/instances]): 403 : [no body]. Further attempts are logged on DEBUG level
2023-12-02T00:01:48.238-05:00  WARN 76922 --- [SpringApplicationShutdownHook] o.h.engine.jdbc.spi.SqlExceptionHelper   : SQL Warning Code: 0, SQLState: 00000
2023-12-02T00:01:48.239-05:00  WARN 76922 --- [SpringApplicationShutdownHook] o.h.engine.jdbc.spi.SqlExceptionHelper   : relation "cart" does not exist, skipping
2023-12-02T00:01:48.272-05:00  WARN 76922 --- [SpringApplicationShutdownHook] o.h.engine.jdbc.spi.SqlExceptionHelper   : SQL Warning Code: 0, SQLState: 00000
2023-12-02T00:01:48.272-05:00  WARN 76922 --- [SpringApplicationShutdownHook] o.h.engine.jdbc.spi.SqlExceptionHelper   : relation "cart_item" does not exist, skipping
2023-12-02T00:01:48.303-05:00  WARN 76922 --- [SpringApplicationShutdownHook] o.h.engine.jdbc.spi.SqlExceptionHelper   : SQL Warning Code: 0, SQLState: 00000
2023-12-02T00:01:48.303-05:00  WARN 76922 --- [SpringApplicationShutdownHook] o.h.engine.jdbc.spi.SqlExceptionHelper   : relation "cart_item" does not exist, skipping
2023-12-02T00:01:48.336-05:00  WARN 76922 --- [SpringApplicationShutdownHook] o.h.engine.jdbc.spi.SqlExceptionHelper   : SQL Warning Code: 0, SQLState: 00000
2023-12-02T00:01:48.336-05:00  WARN 76922 --- [SpringApplicationShutdownHook] o.h.engine.jdbc.spi.SqlExceptionHelper   : relation "customers" does not exist, skipping
2023-12-02T00:01:48.367-05:00  WARN 76922 --- [SpringApplicationShutdownHook] o.h.engine.jdbc.spi.SqlExceptionHelper   : SQL Warning Code: 0, SQLState: 00000
2023-12-02T00:01:48.368-05:00  WARN 76922 --- [SpringApplicationShutdownHook] o.h.engine.jdbc.spi.SqlExceptionHelper   : relation "customers" does not exist, skipping
2023-12-02T00:01:48.399-05:00  WARN 76922 --- [SpringApplicationShutdownHook] o.h.engine.jdbc.spi.SqlExceptionHelper   : SQL Warning Code: 0, SQLState: 00000
2023-12-02T00:01:48.400-05:00  WARN 76922 --- [SpringApplicationShutdownHook] o.h.engine.jdbc.spi.SqlExceptionHelper   : relation "images" does not exist, skipping
2023-12-02T00:01:48.433-05:00  WARN 76922 --- [SpringApplicationShutdownHook] o.h.engine.jdbc.spi.SqlExceptionHelper   : SQL Warning Code: 0, SQLState: 00000
2023-12-02T00:01:48.433-05:00  WARN 76922 --- [SpringApplicationShutdownHook] o.h.engine.jdbc.spi.SqlExceptionHelper   : relation "loan" does not exist, skipping
2023-12-02T00:01:48.467-05:00  WARN 76922 --- [SpringApplicationShutdownHook] o.h.engine.jdbc.spi.SqlExceptionHelper   : SQL Warning Code: 0, SQLState: 00000
2023-12-02T00:01:48.467-05:00  WARN 76922 --- [SpringApplicationShutdownHook] o.h.engine.jdbc.spi.SqlExceptionHelper   : relation "review" does not exist, skipping
2023-12-02T00:01:48.498-05:00  WARN 76922 --- [SpringApplicationShutdownHook] o.h.engine.jdbc.spi.SqlExceptionHelper   : SQL Warning Code: 0, SQLState: 00000
2023-12-02T00:01:48.498-05:00  WARN 76922 --- [SpringApplicationShutdownHook] o.h.engine.jdbc.spi.SqlExceptionHelper   : table "address" does not exist, skipping
2023-12-02T00:01:48.530-05:00  WARN 76922 --- [SpringApplicationShutdownHook] o.h.engine.jdbc.spi.SqlExceptionHelper   : SQL Warning Code: 0, SQLState: 00000
2023-12-02T00:01:48.530-05:00  WARN 76922 --- [SpringApplicationShutdownHook] o.h.engine.jdbc.spi.SqlExceptionHelper   : table "cart" does not exist, skipping
2023-12-02T00:01:48.562-05:00  WARN 76922 --- [SpringApplicationShutdownHook] o.h.engine.jdbc.spi.SqlExceptionHelper   : SQL Warning Code: 0, SQLState: 00000
2023-12-02T00:01:48.563-05:00  WARN 76922 --- [SpringApplicationShutdownHook] o.h.engine.jdbc.spi.SqlExceptionHelper   : table "cart_item" does not exist, skipping
2023-12-02T00:01:48.596-05:00  WARN 76922 --- [SpringApplicationShutdownHook] o.h.engine.jdbc.spi.SqlExceptionHelper   : SQL Warning Code: 0, SQLState: 00000
2023-12-02T00:01:48.597-05:00  WARN 76922 --- [SpringApplicationShutdownHook] o.h.engine.jdbc.spi.SqlExceptionHelper   : table "customers" does not exist, skipping
2023-12-02T00:01:48.628-05:00  WARN 76922 --- [SpringApplicationShutdownHook] o.h.engine.jdbc.spi.SqlExceptionHelper   : SQL Warning Code: 0, SQLState: 00000
2023-12-02T00:01:48.628-05:00  WARN 76922 --- [SpringApplicationShutdownHook] o.h.engine.jdbc.spi.SqlExceptionHelper   : table "images" does not exist, skipping
2023-12-02T00:01:48.663-05:00  WARN 76922 --- [SpringApplicationShutdownHook] o.h.engine.jdbc.spi.SqlExceptionHelper   : SQL Warning Code: 0, SQLState: 00000
2023-12-02T00:01:48.663-05:00  WARN 76922 --- [SpringApplicationShutdownHook] o.h.engine.jdbc.spi.SqlExceptionHelper   : table "loan" does not exist, skipping
2023-12-02T00:01:48.694-05:00  WARN 76922 --- [SpringApplicationShutdownHook] o.h.engine.jdbc.spi.SqlExceptionHelper   : SQL Warning Code: 0, SQLState: 00000
2023-12-02T00:01:48.694-05:00  WARN 76922 --- [SpringApplicationShutdownHook] o.h.engine.jdbc.spi.SqlExceptionHelper   : table "orders" does not exist, skipping
2023-12-02T00:01:48.726-05:00  WARN 76922 --- [SpringApplicationShutdownHook] o.h.engine.jdbc.spi.SqlExceptionHelper   : SQL Warning Code: 0, SQLState: 00000
2023-12-02T00:01:48.726-05:00  WARN 76922 --- [SpringApplicationShutdownHook] o.h.engine.jdbc.spi.SqlExceptionHelper   : table "review" does not exist, skipping
2023-12-02T00:01:48.757-05:00  WARN 76922 --- [SpringApplicationShutdownHook] o.h.engine.jdbc.spi.SqlExceptionHelper   : SQL Warning Code: 0, SQLState: 00000
2023-12-02T00:01:48.758-05:00  WARN 76922 --- [SpringApplicationShutdownHook] o.h.engine.jdbc.spi.SqlExceptionHelper   : table "vehicles" does not exist, skipping
2023-12-02T00:01:49.673-05:00  WARN 77084 --- [SpringApplicationShutdownHook] o.h.engine.jdbc.spi.SqlExceptionHelper   : SQL Warning Code: 0, SQLState: 00000
2023-12-02T00:01:49.674-05:00  WARN 77084 --- [SpringApplicationShutdownHook] o.h.engine.jdbc.spi.SqlExceptionHelper   : relation "cart" does not exist, skipping
2023-12-02T00:01:49.707-05:00  WARN 77084 --- [SpringApplicationShutdownHook] o.h.engine.jdbc.spi.SqlExceptionHelper   : SQL Warning Code: 0, SQLState: 00000
2023-12-02T00:01:49.707-05:00  WARN 77084 --- [SpringApplicationShutdownHook] o.h.engine.jdbc.spi.SqlExceptionHelper   : relation "cart_item" does not exist, skipping
2023-12-02T00:01:49.742-05:00  WARN 77084 --- [SpringApplicationShutdownHook] o.h.engine.jdbc.spi.SqlExceptionHelper   : SQL Warning Code: 0, SQLState: 00000
2023-12-02T00:01:49.742-05:00  WARN 77084 --- [SpringApplicationShutdownHook] o.h.engine.jdbc.spi.SqlExceptionHelper   : relation "cart_item" does not exist, skipping
2023-12-02T00:01:49.774-05:00  WARN 77084 --- [SpringApplicationShutdownHook] o.h.engine.jdbc.spi.SqlExceptionHelper   : SQL Warning Code: 0, SQLState: 00000
2023-12-02T00:01:49.774-05:00  WARN 77084 --- [SpringApplicationShutdownHook] o.h.engine.jdbc.spi.SqlExceptionHelper   : relation "customers" does not exist, skipping
2023-12-02T00:01:49.810-05:00  WARN 77084 --- [SpringApplicationShutdownHook] o.h.engine.jdbc.spi.SqlExceptionHelper   : SQL Warning Code: 0, SQLState: 00000
2023-12-02T00:01:49.810-05:00  WARN 77084 --- [SpringApplicationShutdownHook] o.h.engine.jdbc.spi.SqlExceptionHelper   : relation "customers" does not exist, skipping
2023-12-02T00:01:49.845-05:00  WARN 77084 --- [SpringApplicationShutdownHook] o.h.engine.jdbc.spi.SqlExceptionHelper   : SQL Warning Code: 0, SQLState: 00000
2023-12-02T00:01:49.846-05:00  WARN 77084 --- [SpringApplicationShutdownHook] o.h.engine.jdbc.spi.SqlExceptionHelper   : relation "images" does not exist, skipping
2023-12-02T00:01:49.895-05:00  WARN 77084 --- [SpringApplicationShutdownHook] o.h.engine.jdbc.spi.SqlExceptionHelper   : SQL Warning Code: 0, SQLState: 00000
2023-12-02T00:01:49.896-05:00  WARN 77084 --- [SpringApplicationShutdownHook] o.h.engine.jdbc.spi.SqlExceptionHelper   : relation "loan" does not exist, skipping
2023-12-02T00:01:49.931-05:00  WARN 77084 --- [SpringApplicationShutdownHook] o.h.engine.jdbc.spi.SqlExceptionHelper   : SQL Warning Code: 0, SQLState: 00000
2023-12-02T00:01:49.931-05:00  WARN 77084 --- [SpringApplicationShutdownHook] o.h.engine.jdbc.spi.SqlExceptionHelper   : relation "review" does not exist, skipping
2023-12-02T00:01:49.968-05:00  WARN 77084 --- [SpringApplicationShutdownHook] o.h.engine.jdbc.spi.SqlExceptionHelper   : SQL Warning Code: 0, SQLState: 00000
2023-12-02T00:01:49.968-05:00  WARN 77084 --- [SpringApplicationShutdownHook] o.h.engine.jdbc.spi.SqlExceptionHelper   : table "address" does not exist, skipping
2023-12-02T00:01:50.002-05:00  WARN 77084 --- [SpringApplicationShutdownHook] o.h.engine.jdbc.spi.SqlExceptionHelper   : SQL Warning Code: 0, SQLState: 00000
2023-12-02T00:01:50.003-05:00  WARN 77084 --- [SpringApplicationShutdownHook] o.h.engine.jdbc.spi.SqlExceptionHelper   : table "cart" does not exist, skipping
2023-12-02T00:01:50.036-05:00  WARN 77084 --- [SpringApplicationShutdownHook] o.h.engine.jdbc.spi.SqlExceptionHelper   : SQL Warning Code: 0, SQLState: 00000
2023-12-02T00:01:50.037-05:00  WARN 77084 --- [SpringApplicationShutdownHook] o.h.engine.jdbc.spi.SqlExceptionHelper   : table "cart_item" does not exist, skipping
2023-12-02T00:01:50.071-05:00  WARN 77084 --- [SpringApplicationShutdownHook] o.h.engine.jdbc.spi.SqlExceptionHelper   : SQL Warning Code: 0, SQLState: 00000
2023-12-02T00:01:50.071-05:00  WARN 77084 --- [SpringApplicationShutdownHook] o.h.engine.jdbc.spi.SqlExceptionHelper   : table "customers" does not exist, skipping
2023-12-02T00:01:50.105-05:00  WARN 77084 --- [SpringApplicationShutdownHook] o.h.engine.jdbc.spi.SqlExceptionHelper   : SQL Warning Code: 0, SQLState: 00000
2023-12-02T00:01:50.105-05:00  WARN 77084 --- [SpringApplicationShutdownHook] o.h.engine.jdbc.spi.SqlExceptionHelper   : table "images" does not exist, skipping
2023-12-02T00:01:50.138-05:00  WARN 77084 --- [SpringApplicationShutdownHook] o.h.engine.jdbc.spi.SqlExceptionHelper   : SQL Warning Code: 0, SQLState: 00000
2023-12-02T00:01:50.138-05:00  WARN 77084 --- [SpringApplicationShutdownHook] o.h.engine.jdbc.spi.SqlExceptionHelper   : table "loan" does not exist, skipping
2023-12-02T00:01:50.175-05:00  WARN 77084 --- [SpringApplicationShutdownHook] o.h.engine.jdbc.spi.SqlExceptionHelper   : SQL Warning Code: 0, SQLState: 00000
2023-12-02T00:01:50.175-05:00  WARN 77084 --- [SpringApplicationShutdownHook] o.h.engine.jdbc.spi.SqlExceptionHelper   : table "orders" does not exist, skipping
2023-12-02T00:01:50.208-05:00  WARN 77084 --- [SpringApplicationShutdownHook] o.h.engine.jdbc.spi.SqlExceptionHelper   : SQL Warning Code: 0, SQLState: 00000
2023-12-02T00:01:50.208-05:00  WARN 77084 --- [SpringApplicationShutdownHook] o.h.engine.jdbc.spi.SqlExceptionHelper   : table "review" does not exist, skipping
2023-12-02T00:01:50.243-05:00  WARN 77084 --- [SpringApplicationShutdownHook] o.h.engine.jdbc.spi.SqlExceptionHelper   : SQL Warning Code: 0, SQLState: 00000
2023-12-02T00:01:50.243-05:00  WARN 77084 --- [SpringApplicationShutdownHook] o.h.engine.jdbc.spi.SqlExceptionHelper   : table "vehicles" does not exist, skipping
2023-12-02T00:04:20.289-05:00  INFO 77267 --- [main] com.axlr8.backend.BackendApplication     : Starting BackendApplication using Java 21.0.1 with PID 77267 (/Users/mafu/Desktop/XLR8/backend/target/classes started by mafu in /Users/mafu/Desktop/XLR8)
2023-12-02T00:04:20.290-05:00 DEBUG 77267 --- [main] com.axlr8.backend.BackendApplication     : Running with Spring Boot v3.1.5, Spring v6.0.13
2023-12-02T00:04:20.291-05:00  INFO 77267 --- [main] com.axlr8.backend.BackendApplication     : No active profile set, falling back to 1 default profile: "default"
2023-12-02T00:04:22.369-05:00  WARN 77267 --- [main] org.hibernate.orm.deprecation            : HHH90000025: PostgreSQLDialect does not need to be specified explicitly using 'hibernate.dialect' (remove the property setting and it will be selected by default)
2023-12-02T00:04:23.055-05:00  WARN 77267 --- [main] o.h.engine.jdbc.spi.SqlExceptionHelper   : SQL Warning Code: 0, SQLState: 00000
2023-12-02T00:04:23.055-05:00  WARN 77267 --- [main] o.h.engine.jdbc.spi.SqlExceptionHelper   : relation "cart" does not exist, skipping
2023-12-02T00:04:23.087-05:00  WARN 77267 --- [main] o.h.engine.jdbc.spi.SqlExceptionHelper   : SQL Warning Code: 0, SQLState: 00000
2023-12-02T00:04:23.087-05:00  WARN 77267 --- [main] o.h.engine.jdbc.spi.SqlExceptionHelper   : relation "cart_item" does not exist, skipping
2023-12-02T00:04:23.123-05:00  WARN 77267 --- [main] o.h.engine.jdbc.spi.SqlExceptionHelper   : SQL Warning Code: 0, SQLState: 00000
2023-12-02T00:04:23.124-05:00  WARN 77267 --- [main] o.h.engine.jdbc.spi.SqlExceptionHelper   : relation "cart_item" does not exist, skipping
2023-12-02T00:04:23.159-05:00  WARN 77267 --- [main] o.h.engine.jdbc.spi.SqlExceptionHelper   : SQL Warning Code: 0, SQLState: 00000
2023-12-02T00:04:23.160-05:00  WARN 77267 --- [main] o.h.engine.jdbc.spi.SqlExceptionHelper   : relation "customers" does not exist, skipping
2023-12-02T00:04:23.195-05:00  WARN 77267 --- [main] o.h.engine.jdbc.spi.SqlExceptionHelper   : SQL Warning Code: 0, SQLState: 00000
2023-12-02T00:04:23.196-05:00  WARN 77267 --- [main] o.h.engine.jdbc.spi.SqlExceptionHelper   : relation "customers" does not exist, skipping
2023-12-02T00:04:23.230-05:00  WARN 77267 --- [main] o.h.engine.jdbc.spi.SqlExceptionHelper   : SQL Warning Code: 0, SQLState: 00000
2023-12-02T00:04:23.231-05:00  WARN 77267 --- [main] o.h.engine.jdbc.spi.SqlExceptionHelper   : relation "images" does not exist, skipping
2023-12-02T00:04:23.266-05:00  WARN 77267 --- [main] o.h.engine.jdbc.spi.SqlExceptionHelper   : SQL Warning Code: 0, SQLState: 00000
2023-12-02T00:04:23.267-05:00  WARN 77267 --- [main] o.h.engine.jdbc.spi.SqlExceptionHelper   : relation "loan" does not exist, skipping
2023-12-02T00:04:23.313-05:00  WARN 77267 --- [main] o.h.engine.jdbc.spi.SqlExceptionHelper   : SQL Warning Code: 0, SQLState: 00000
2023-12-02T00:04:23.313-05:00  WARN 77267 --- [main] o.h.engine.jdbc.spi.SqlExceptionHelper   : relation "review" does not exist, skipping
2023-12-02T00:04:23.348-05:00  WARN 77267 --- [main] o.h.engine.jdbc.spi.SqlExceptionHelper   : SQL Warning Code: 0, SQLState: 00000
2023-12-02T00:04:23.349-05:00  WARN 77267 --- [main] o.h.engine.jdbc.spi.SqlExceptionHelper   : table "address" does not exist, skipping
2023-12-02T00:04:23.383-05:00  WARN 77267 --- [main] o.h.engine.jdbc.spi.SqlExceptionHelper   : SQL Warning Code: 0, SQLState: 00000
2023-12-02T00:04:23.384-05:00  WARN 77267 --- [main] o.h.engine.jdbc.spi.SqlExceptionHelper   : table "cart" does not exist, skipping
2023-12-02T00:04:23.417-05:00  WARN 77267 --- [main] o.h.engine.jdbc.spi.SqlExceptionHelper   : SQL Warning Code: 0, SQLState: 00000
2023-12-02T00:04:23.418-05:00  WARN 77267 --- [main] o.h.engine.jdbc.spi.SqlExceptionHelper   : table "cart_item" does not exist, skipping
2023-12-02T00:04:23.468-05:00  WARN 77267 --- [main] o.h.engine.jdbc.spi.SqlExceptionHelper   : SQL Warning Code: 0, SQLState: 00000
2023-12-02T00:04:23.468-05:00  WARN 77267 --- [main] o.h.engine.jdbc.spi.SqlExceptionHelper   : table "customers" does not exist, skipping
2023-12-02T00:04:23.503-05:00  WARN 77267 --- [main] o.h.engine.jdbc.spi.SqlExceptionHelper   : SQL Warning Code: 0, SQLState: 00000
2023-12-02T00:04:23.504-05:00  WARN 77267 --- [main] o.h.engine.jdbc.spi.SqlExceptionHelper   : table "images" does not exist, skipping
2023-12-02T00:04:23.539-05:00  WARN 77267 --- [main] o.h.engine.jdbc.spi.SqlExceptionHelper   : SQL Warning Code: 0, SQLState: 00000
2023-12-02T00:04:23.540-05:00  WARN 77267 --- [main] o.h.engine.jdbc.spi.SqlExceptionHelper   : table "loan" does not exist, skipping
2023-12-02T00:04:23.575-05:00  WARN 77267 --- [main] o.h.engine.jdbc.spi.SqlExceptionHelper   : SQL Warning Code: 0, SQLState: 00000
2023-12-02T00:04:23.576-05:00  WARN 77267 --- [main] o.h.engine.jdbc.spi.SqlExceptionHelper   : table "orders" does not exist, skipping
2023-12-02T00:04:23.609-05:00  WARN 77267 --- [main] o.h.engine.jdbc.spi.SqlExceptionHelper   : SQL Warning Code: 0, SQLState: 00000
2023-12-02T00:04:23.609-05:00  WARN 77267 --- [main] o.h.engine.jdbc.spi.SqlExceptionHelper   : table "review" does not exist, skipping
2023-12-02T00:04:23.643-05:00  WARN 77267 --- [main] o.h.engine.jdbc.spi.SqlExceptionHelper   : SQL Warning Code: 0, SQLState: 00000
2023-12-02T00:04:23.643-05:00  WARN 77267 --- [main] o.h.engine.jdbc.spi.SqlExceptionHelper   : table "vehicles" does not exist, skipping
2023-12-02T00:04:24.790-05:00 DEBUG 77267 --- [main] c.a.b.config.JwtAuthenticationFilter     : Filter 'jwtAuthenticationFilter' configured for use
2023-12-02T00:04:25.041-05:00  WARN 77267 --- [main] JpaBaseConfiguration$JpaWebConfiguration : spring.jpa.open-in-view is enabled by default. Therefore, database queries may be performed during view rendering. Explicitly configure spring.jpa.open-in-view to disable this warning
2023-12-02T00:04:25.434-05:00  INFO 77267 --- [main] com.axlr8.backend.BackendApplication     : Started BackendApplication in 5.373 seconds (process running for 5.662)
2023-12-02T00:04:27.136-05:00  WARN 77267 --- [registrationTask1] d.c.b.a.c.r.ApplicationRegistrator       : Failed to register application as Application(name=Axlr8Backend, managementUrl=http://localhost:8081/actuator, healthUrl=http://localhost:8081/actuator/health, serviceUrl=http://localhost:8081/) at spring-boot-admin ([http://localhost:8080/instances]): I/O error on POST request for "http://localhost:8080/instances": Connection refused. Further attempts are logged on DEBUG level
2023-12-02T00:06:46.618-05:00  INFO 77407 --- [main] com.axlr8.backend.BackendApplication     : Starting BackendApplication using Java 21.0.1 with PID 77407 (/Users/mafu/Desktop/XLR8/backend/target/classes started by mafu in /Users/mafu/Desktop/XLR8)
2023-12-02T00:06:46.619-05:00 DEBUG 77407 --- [main] com.axlr8.backend.BackendApplication     : Running with Spring Boot v3.1.5, Spring v6.0.13
2023-12-02T00:06:46.620-05:00  INFO 77407 --- [main] com.axlr8.backend.BackendApplication     : No active profile set, falling back to 1 default profile: "default"
2023-12-02T00:06:48.645-05:00  WARN 77407 --- [main] org.hibernate.orm.deprecation            : HHH90000025: PostgreSQLDialect does not need to be specified explicitly using 'hibernate.dialect' (remove the property setting and it will be selected by default)
2023-12-02T00:06:51.060-05:00 DEBUG 77407 --- [main] c.a.b.config.JwtAuthenticationFilter     : Filter 'jwtAuthenticationFilter' configured for use
2023-12-02T00:06:51.327-05:00  WARN 77407 --- [main] JpaBaseConfiguration$JpaWebConfiguration : spring.jpa.open-in-view is enabled by default. Therefore, database queries may be performed during view rendering. Explicitly configure spring.jpa.open-in-view to disable this warning
2023-12-02T00:06:51.910-05:00  WARN 77407 --- [main] ConfigServletWebServerApplicationContext : Exception encountered during context initialization - cancelling refresh attempt: org.springframework.context.ApplicationContextException: Failed to start bean 'webServerStartStop'
2023-12-02T00:06:52.866-05:00 ERROR 77407 --- [main] o.s.b.d.LoggingFailureAnalysisReporter   : 

***************************
APPLICATION FAILED TO START
***************************

Description:

Web server failed to start. Port 8081 was already in use.

Action:

Identify and stop the process that's listening on port 8081 or configure this application to listen on another port.

2023-12-02T00:06:57.508-05:00  WARN 77267 --- [SpringApplicationShutdownHook] o.h.engine.jdbc.spi.SqlExceptionHelper   : SQL Warning Code: 0, SQLState: 00000
2023-12-02T00:06:57.508-05:00  WARN 77267 --- [SpringApplicationShutdownHook] o.h.engine.jdbc.spi.SqlExceptionHelper   : relation "cart" does not exist, skipping
2023-12-02T00:06:57.541-05:00  WARN 77267 --- [SpringApplicationShutdownHook] o.h.engine.jdbc.spi.SqlExceptionHelper   : SQL Warning Code: 0, SQLState: 00000
2023-12-02T00:06:57.541-05:00  WARN 77267 --- [SpringApplicationShutdownHook] o.h.engine.jdbc.spi.SqlExceptionHelper   : relation "cart_item" does not exist, skipping
2023-12-02T00:06:57.573-05:00  WARN 77267 --- [SpringApplicationShutdownHook] o.h.engine.jdbc.spi.SqlExceptionHelper   : SQL Warning Code: 0, SQLState: 00000
2023-12-02T00:06:57.573-05:00  WARN 77267 --- [SpringApplicationShutdownHook] o.h.engine.jdbc.spi.SqlExceptionHelper   : relation "cart_item" does not exist, skipping
2023-12-02T00:06:57.606-05:00  WARN 77267 --- [SpringApplicationShutdownHook] o.h.engine.jdbc.spi.SqlExceptionHelper   : SQL Warning Code: 0, SQLState: 00000
2023-12-02T00:06:57.607-05:00  WARN 77267 --- [SpringApplicationShutdownHook] o.h.engine.jdbc.spi.SqlExceptionHelper   : relation "customers" does not exist, skipping
2023-12-02T00:06:57.642-05:00  WARN 77267 --- [SpringApplicationShutdownHook] o.h.engine.jdbc.spi.SqlExceptionHelper   : SQL Warning Code: 0, SQLState: 00000
2023-12-02T00:06:57.642-05:00  WARN 77267 --- [SpringApplicationShutdownHook] o.h.engine.jdbc.spi.SqlExceptionHelper   : relation "customers" does not exist, skipping
2023-12-02T00:06:57.676-05:00  WARN 77267 --- [SpringApplicationShutdownHook] o.h.engine.jdbc.spi.SqlExceptionHelper   : SQL Warning Code: 0, SQLState: 00000
2023-12-02T00:06:57.676-05:00  WARN 77267 --- [SpringApplicationShutdownHook] o.h.engine.jdbc.spi.SqlExceptionHelper   : relation "images" does not exist, skipping
2023-12-02T00:06:57.708-05:00  WARN 77267 --- [SpringApplicationShutdownHook] o.h.engine.jdbc.spi.SqlExceptionHelper   : SQL Warning Code: 0, SQLState: 00000
2023-12-02T00:06:57.709-05:00  WARN 77267 --- [SpringApplicationShutdownHook] o.h.engine.jdbc.spi.SqlExceptionHelper   : relation "loan" does not exist, skipping
2023-12-02T00:06:57.741-05:00  WARN 77267 --- [SpringApplicationShutdownHook] o.h.engine.jdbc.spi.SqlExceptionHelper   : SQL Warning Code: 0, SQLState: 00000
2023-12-02T00:06:57.742-05:00  WARN 77267 --- [SpringApplicationShutdownHook] o.h.engine.jdbc.spi.SqlExceptionHelper   : relation "review" does not exist, skipping
2023-12-02T00:06:57.773-05:00  WARN 77267 --- [SpringApplicationShutdownHook] o.h.engine.jdbc.spi.SqlExceptionHelper   : SQL Warning Code: 0, SQLState: 00000
2023-12-02T00:06:57.775-05:00  WARN 77267 --- [SpringApplicationShutdownHook] o.h.engine.jdbc.spi.SqlExceptionHelper   : table "address" does not exist, skipping
2023-12-02T00:06:57.806-05:00  WARN 77267 --- [SpringApplicationShutdownHook] o.h.engine.jdbc.spi.SqlExceptionHelper   : SQL Warning Code: 0, SQLState: 00000
2023-12-02T00:06:57.806-05:00  WARN 77267 --- [SpringApplicationShutdownHook] o.h.engine.jdbc.spi.SqlExceptionHelper   : table "cart" does not exist, skipping
2023-12-02T00:06:57.838-05:00  WARN 77267 --- [SpringApplicationShutdownHook] o.h.engine.jdbc.spi.SqlExceptionHelper   : SQL Warning Code: 0, SQLState: 00000
2023-12-02T00:06:57.839-05:00  WARN 77267 --- [SpringApplicationShutdownHook] o.h.engine.jdbc.spi.SqlExceptionHelper   : table "cart_item" does not exist, skipping
2023-12-02T00:06:57.874-05:00  WARN 77267 --- [SpringApplicationShutdownHook] o.h.engine.jdbc.spi.SqlExceptionHelper   : SQL Warning Code: 0, SQLState: 00000
2023-12-02T00:06:57.875-05:00  WARN 77267 --- [SpringApplicationShutdownHook] o.h.engine.jdbc.spi.SqlExceptionHelper   : table "customers" does not exist, skipping
2023-12-02T00:06:57.906-05:00  WARN 77267 --- [SpringApplicationShutdownHook] o.h.engine.jdbc.spi.SqlExceptionHelper   : SQL Warning Code: 0, SQLState: 00000
2023-12-02T00:06:57.906-05:00  WARN 77267 --- [SpringApplicationShutdownHook] o.h.engine.jdbc.spi.SqlExceptionHelper   : table "images" does not exist, skipping
2023-12-02T00:06:57.989-05:00  WARN 77267 --- [SpringApplicationShutdownHook] o.h.engine.jdbc.spi.SqlExceptionHelper   : SQL Warning Code: 0, SQLState: 00000
2023-12-02T00:06:57.990-05:00  WARN 77267 --- [SpringApplicationShutdownHook] o.h.engine.jdbc.spi.SqlExceptionHelper   : table "loan" does not exist, skipping
2023-12-02T00:06:58.022-05:00  WARN 77267 --- [SpringApplicationShutdownHook] o.h.engine.jdbc.spi.SqlExceptionHelper   : SQL Warning Code: 0, SQLState: 00000
2023-12-02T00:06:58.022-05:00  WARN 77267 --- [SpringApplicationShutdownHook] o.h.engine.jdbc.spi.SqlExceptionHelper   : table "orders" does not exist, skipping
2023-12-02T00:06:58.054-05:00  WARN 77267 --- [SpringApplicationShutdownHook] o.h.engine.jdbc.spi.SqlExceptionHelper   : SQL Warning Code: 0, SQLState: 00000
2023-12-02T00:06:58.055-05:00  WARN 77267 --- [SpringApplicationShutdownHook] o.h.engine.jdbc.spi.SqlExceptionHelper   : table "review" does not exist, skipping
2023-12-02T00:06:58.086-05:00  WARN 77267 --- [SpringApplicationShutdownHook] o.h.engine.jdbc.spi.SqlExceptionHelper   : SQL Warning Code: 0, SQLState: 00000
2023-12-02T00:06:58.086-05:00  WARN 77267 --- [SpringApplicationShutdownHook] o.h.engine.jdbc.spi.SqlExceptionHelper   : table "vehicles" does not exist, skipping
2023-12-02T00:07:00.723-05:00  INFO 77429 --- [main] com.axlr8.backend.BackendApplication     : Starting BackendApplication using Java 21.0.1 with PID 77429 (/Users/mafu/Desktop/XLR8/backend/target/classes started by mafu in /Users/mafu/Desktop/XLR8)
2023-12-02T00:07:00.725-05:00 DEBUG 77429 --- [main] com.axlr8.backend.BackendApplication     : Running with Spring Boot v3.1.5, Spring v6.0.13
2023-12-02T00:07:00.725-05:00  INFO 77429 --- [main] com.axlr8.backend.BackendApplication     : No active profile set, falling back to 1 default profile: "default"
2023-12-02T00:07:02.658-05:00  WARN 77429 --- [main] org.hibernate.orm.deprecation            : HHH90000025: PostgreSQLDialect does not need to be specified explicitly using 'hibernate.dialect' (remove the property setting and it will be selected by default)
2023-12-02T00:07:03.291-05:00  WARN 77429 --- [main] o.h.engine.jdbc.spi.SqlExceptionHelper   : SQL Warning Code: 0, SQLState: 00000
2023-12-02T00:07:03.291-05:00  WARN 77429 --- [main] o.h.engine.jdbc.spi.SqlExceptionHelper   : relation "cart" does not exist, skipping
2023-12-02T00:07:03.325-05:00  WARN 77429 --- [main] o.h.engine.jdbc.spi.SqlExceptionHelper   : SQL Warning Code: 0, SQLState: 00000
2023-12-02T00:07:03.326-05:00  WARN 77429 --- [main] o.h.engine.jdbc.spi.SqlExceptionHelper   : relation "cart_item" does not exist, skipping
2023-12-02T00:07:03.360-05:00  WARN 77429 --- [main] o.h.engine.jdbc.spi.SqlExceptionHelper   : SQL Warning Code: 0, SQLState: 00000
2023-12-02T00:07:03.361-05:00  WARN 77429 --- [main] o.h.engine.jdbc.spi.SqlExceptionHelper   : relation "cart_item" does not exist, skipping
2023-12-02T00:07:03.394-05:00  WARN 77429 --- [main] o.h.engine.jdbc.spi.SqlExceptionHelper   : SQL Warning Code: 0, SQLState: 00000
2023-12-02T00:07:03.395-05:00  WARN 77429 --- [main] o.h.engine.jdbc.spi.SqlExceptionHelper   : relation "customers" does not exist, skipping
2023-12-02T00:07:03.430-05:00  WARN 77429 --- [main] o.h.engine.jdbc.spi.SqlExceptionHelper   : SQL Warning Code: 0, SQLState: 00000
2023-12-02T00:07:03.430-05:00  WARN 77429 --- [main] o.h.engine.jdbc.spi.SqlExceptionHelper   : relation "customers" does not exist, skipping
2023-12-02T00:07:03.466-05:00  WARN 77429 --- [main] o.h.engine.jdbc.spi.SqlExceptionHelper   : SQL Warning Code: 0, SQLState: 00000
2023-12-02T00:07:03.466-05:00  WARN 77429 --- [main] o.h.engine.jdbc.spi.SqlExceptionHelper   : relation "images" does not exist, skipping
2023-12-02T00:07:03.500-05:00  WARN 77429 --- [main] o.h.engine.jdbc.spi.SqlExceptionHelper   : SQL Warning Code: 0, SQLState: 00000
2023-12-02T00:07:03.500-05:00  WARN 77429 --- [main] o.h.engine.jdbc.spi.SqlExceptionHelper   : relation "loan" does not exist, skipping
2023-12-02T00:07:03.534-05:00  WARN 77429 --- [main] o.h.engine.jdbc.spi.SqlExceptionHelper   : SQL Warning Code: 0, SQLState: 00000
2023-12-02T00:07:03.534-05:00  WARN 77429 --- [main] o.h.engine.jdbc.spi.SqlExceptionHelper   : relation "review" does not exist, skipping
2023-12-02T00:07:03.570-05:00  WARN 77429 --- [main] o.h.engine.jdbc.spi.SqlExceptionHelper   : SQL Warning Code: 0, SQLState: 00000
2023-12-02T00:07:03.570-05:00  WARN 77429 --- [main] o.h.engine.jdbc.spi.SqlExceptionHelper   : table "address" does not exist, skipping
2023-12-02T00:07:03.607-05:00  WARN 77429 --- [main] o.h.engine.jdbc.spi.SqlExceptionHelper   : SQL Warning Code: 0, SQLState: 00000
2023-12-02T00:07:03.607-05:00  WARN 77429 --- [main] o.h.engine.jdbc.spi.SqlExceptionHelper   : table "cart" does not exist, skipping
2023-12-02T00:07:03.641-05:00  WARN 77429 --- [main] o.h.engine.jdbc.spi.SqlExceptionHelper   : SQL Warning Code: 0, SQLState: 00000
2023-12-02T00:07:03.642-05:00  WARN 77429 --- [main] o.h.engine.jdbc.spi.SqlExceptionHelper   : table "cart_item" does not exist, skipping
2023-12-02T00:07:03.674-05:00  WARN 77429 --- [main] o.h.engine.jdbc.spi.SqlExceptionHelper   : SQL Warning Code: 0, SQLState: 00000
2023-12-02T00:07:03.674-05:00  WARN 77429 --- [main] o.h.engine.jdbc.spi.SqlExceptionHelper   : table "customers" does not exist, skipping
2023-12-02T00:07:03.706-05:00  WARN 77429 --- [main] o.h.engine.jdbc.spi.SqlExceptionHelper   : SQL Warning Code: 0, SQLState: 00000
2023-12-02T00:07:03.706-05:00  WARN 77429 --- [main] o.h.engine.jdbc.spi.SqlExceptionHelper   : table "images" does not exist, skipping
2023-12-02T00:07:03.747-05:00  WARN 77429 --- [main] o.h.engine.jdbc.spi.SqlExceptionHelper   : SQL Warning Code: 0, SQLState: 00000
2023-12-02T00:07:03.748-05:00  WARN 77429 --- [main] o.h.engine.jdbc.spi.SqlExceptionHelper   : table "loan" does not exist, skipping
2023-12-02T00:07:03.787-05:00  WARN 77429 --- [main] o.h.engine.jdbc.spi.SqlExceptionHelper   : SQL Warning Code: 0, SQLState: 00000
2023-12-02T00:07:03.787-05:00  WARN 77429 --- [main] o.h.engine.jdbc.spi.SqlExceptionHelper   : table "orders" does not exist, skipping
2023-12-02T00:07:03.822-05:00  WARN 77429 --- [main] o.h.engine.jdbc.spi.SqlExceptionHelper   : SQL Warning Code: 0, SQLState: 00000
2023-12-02T00:07:03.822-05:00  WARN 77429 --- [main] o.h.engine.jdbc.spi.SqlExceptionHelper   : table "review" does not exist, skipping
2023-12-02T00:07:03.854-05:00  WARN 77429 --- [main] o.h.engine.jdbc.spi.SqlExceptionHelper   : SQL Warning Code: 0, SQLState: 00000
2023-12-02T00:07:03.855-05:00  WARN 77429 --- [main] o.h.engine.jdbc.spi.SqlExceptionHelper   : table "vehicles" does not exist, skipping
2023-12-02T00:07:05.231-05:00 DEBUG 77429 --- [main] c.a.b.config.JwtAuthenticationFilter     : Filter 'jwtAuthenticationFilter' configured for use
2023-12-02T00:07:05.442-05:00  WARN 77429 --- [main] JpaBaseConfiguration$JpaWebConfiguration : spring.jpa.open-in-view is enabled by default. Therefore, database queries may be performed during view rendering. Explicitly configure spring.jpa.open-in-view to disable this warning
2023-12-02T00:07:05.807-05:00  INFO 77429 --- [main] com.axlr8.backend.BackendApplication     : Started BackendApplication in 5.286 seconds (process running for 5.484)
2023-12-02T00:07:07.256-05:00 ERROR 77429 --- [main] o.s.boot.SpringApplication               : Application run failed

java.lang.IllegalStateException: Failed to execute CommandLineRunner
	at org.springframework.boot.SpringApplication.callRunner(SpringApplication.java:774) ~[spring-boot-3.1.5.jar:3.1.5]
	at org.springframework.boot.SpringApplication.lambda$callRunners$3(SpringApplication.java:755) ~[spring-boot-3.1.5.jar:3.1.5]
	at java.base/java.util.stream.ForEachOps$ForEachOp$OfRef.accept(ForEachOps.java:184) ~[na:na]
	at java.base/java.util.stream.SortedOps$SizedRefSortingSink.end(SortedOps.java:357) ~[na:na]
	at java.base/java.util.stream.AbstractPipeline.copyInto(AbstractPipeline.java:510) ~[na:na]
	at java.base/java.util.stream.AbstractPipeline.wrapAndCopyInto(AbstractPipeline.java:499) ~[na:na]
	at java.base/java.util.stream.ForEachOps$ForEachOp.evaluateSequential(ForEachOps.java:151) ~[na:na]
	at java.base/java.util.stream.ForEachOps$ForEachOp$OfRef.evaluateSequential(ForEachOps.java:174) ~[na:na]
	at java.base/java.util.stream.AbstractPipeline.evaluate(AbstractPipeline.java:234) ~[na:na]
	at java.base/java.util.stream.ReferencePipeline.forEach(ReferencePipeline.java:596) ~[na:na]
	at org.springframework.boot.SpringApplication.callRunners(SpringApplication.java:750) ~[spring-boot-3.1.5.jar:3.1.5]
	at org.springframework.boot.SpringApplication.run(SpringApplication.java:323) ~[spring-boot-3.1.5.jar:3.1.5]
	at org.springframework.boot.SpringApplication.run(SpringApplication.java:1306) ~[spring-boot-3.1.5.jar:3.1.5]
	at org.springframework.boot.SpringApplication.run(SpringApplication.java:1295) ~[spring-boot-3.1.5.jar:3.1.5]
	at com.axlr8.backend.BackendApplication.main(BackendApplication.java:14) ~[classes/:na]
Caused by: java.lang.NullPointerException: Cannot invoke "org.springframework.core.env.Environment.getProperty(String)" because "com.axlr8.backend.BackendConfig.environment" is null
	at com.axlr8.backend.BackendConfig.lambda$0(BackendConfig.java:185) ~[classes/:na]
	at org.springframework.boot.SpringApplication.callRunner(SpringApplication.java:771) ~[spring-boot-3.1.5.jar:3.1.5]
	... 14 common frames omitted

2023-12-02T01:43:50.380-05:00  INFO 78340 --- [main] com.axlr8.backend.BackendApplication     : Starting BackendApplication using Java 21.0.1 with PID 78340 (/Users/mafu/Desktop/XLR8/backend/target/classes started by mafu in /Users/mafu/Desktop/XLR8)
2023-12-02T01:43:50.381-05:00 DEBUG 78340 --- [main] com.axlr8.backend.BackendApplication     : Running with Spring Boot v3.1.5, Spring v6.0.13
2023-12-02T01:43:50.382-05:00  INFO 78340 --- [main] com.axlr8.backend.BackendApplication     : No active profile set, falling back to 1 default profile: "default"
2023-12-02T01:43:53.674-05:00  WARN 78340 --- [main] org.hibernate.orm.deprecation            : HHH90000025: PostgreSQLDialect does not need to be specified explicitly using 'hibernate.dialect' (remove the property setting and it will be selected by default)
2023-12-02T01:43:57.696-05:00 DEBUG 78340 --- [main] c.a.b.config.JwtAuthenticationFilter     : Filter 'jwtAuthenticationFilter' configured for use
2023-12-02T01:43:57.990-05:00  WARN 78340 --- [main] JpaBaseConfiguration$JpaWebConfiguration : spring.jpa.open-in-view is enabled by default. Therefore, database queries may be performed during view rendering. Explicitly configure spring.jpa.open-in-view to disable this warning
2023-12-02T01:43:58.619-05:00  INFO 78340 --- [main] com.axlr8.backend.BackendApplication     : Started BackendApplication in 8.485 seconds (process running for 8.86)
2023-12-02T01:43:59.892-05:00  WARN 78340 --- [registrationTask1] d.c.b.a.c.r.ApplicationRegistrator       : Failed to register application as Application(name=Axlr8Backend, managementUrl=http://localhost:8081/actuator, healthUrl=http://localhost:8081/actuator/health, serviceUrl=http://localhost:8081/) at spring-boot-admin ([http://localhost:8080/instances]): I/O error on POST request for "http://localhost:8080/instances": Connection refused. Further attempts are logged on DEBUG level
2023-12-02T01:44:10.174-05:00  INFO 78340 --- [http-nio-8081-exec-1] com.axlr8.backend.Service.LoanService    : loan:  successfully calculated
2023-12-02T01:44:55.348-05:00  INFO 78427 --- [main] com.axlr8.backend.BackendApplication     : Starting BackendApplication using Java 21.0.1 with PID 78427 (/Users/mafu/Desktop/XLR8/backend/target/classes started by mafu in /Users/mafu/Desktop/XLR8)
2023-12-02T01:44:55.349-05:00 DEBUG 78427 --- [main] com.axlr8.backend.BackendApplication     : Running with Spring Boot v3.1.5, Spring v6.0.13
2023-12-02T01:44:55.349-05:00  INFO 78427 --- [main] com.axlr8.backend.BackendApplication     : No active profile set, falling back to 1 default profile: "default"
2023-12-02T01:44:57.525-05:00  WARN 78427 --- [main] org.hibernate.orm.deprecation            : HHH90000025: PostgreSQLDialect does not need to be specified explicitly using 'hibernate.dialect' (remove the property setting and it will be selected by default)
2023-12-02T01:44:58.152-05:00  WARN 78427 --- [main] o.h.engine.jdbc.spi.SqlExceptionHelper   : SQL Warning Code: 0, SQLState: 00000
2023-12-02T01:44:58.152-05:00  WARN 78427 --- [main] o.h.engine.jdbc.spi.SqlExceptionHelper   : relation "cart" does not exist, skipping
2023-12-02T01:44:58.188-05:00  WARN 78427 --- [main] o.h.engine.jdbc.spi.SqlExceptionHelper   : SQL Warning Code: 0, SQLState: 00000
2023-12-02T01:44:58.188-05:00  WARN 78427 --- [main] o.h.engine.jdbc.spi.SqlExceptionHelper   : relation "cart_item" does not exist, skipping
2023-12-02T01:44:58.220-05:00  WARN 78427 --- [main] o.h.engine.jdbc.spi.SqlExceptionHelper   : SQL Warning Code: 0, SQLState: 00000
2023-12-02T01:44:58.221-05:00  WARN 78427 --- [main] o.h.engine.jdbc.spi.SqlExceptionHelper   : relation "cart_item" does not exist, skipping
2023-12-02T01:44:58.252-05:00  WARN 78427 --- [main] o.h.engine.jdbc.spi.SqlExceptionHelper   : SQL Warning Code: 0, SQLState: 00000
2023-12-02T01:44:58.252-05:00  WARN 78427 --- [main] o.h.engine.jdbc.spi.SqlExceptionHelper   : relation "customers" does not exist, skipping
2023-12-02T01:44:58.282-05:00  WARN 78427 --- [main] o.h.engine.jdbc.spi.SqlExceptionHelper   : SQL Warning Code: 0, SQLState: 00000
2023-12-02T01:44:58.282-05:00  WARN 78427 --- [main] o.h.engine.jdbc.spi.SqlExceptionHelper   : relation "customers" does not exist, skipping
2023-12-02T01:44:58.313-05:00  WARN 78427 --- [main] o.h.engine.jdbc.spi.SqlExceptionHelper   : SQL Warning Code: 0, SQLState: 00000
2023-12-02T01:44:58.314-05:00  WARN 78427 --- [main] o.h.engine.jdbc.spi.SqlExceptionHelper   : relation "images" does not exist, skipping
2023-12-02T01:44:58.345-05:00  WARN 78427 --- [main] o.h.engine.jdbc.spi.SqlExceptionHelper   : SQL Warning Code: 0, SQLState: 00000
2023-12-02T01:44:58.345-05:00  WARN 78427 --- [main] o.h.engine.jdbc.spi.SqlExceptionHelper   : relation "loan" does not exist, skipping
2023-12-02T01:44:58.378-05:00  WARN 78427 --- [main] o.h.engine.jdbc.spi.SqlExceptionHelper   : SQL Warning Code: 0, SQLState: 00000
2023-12-02T01:44:58.378-05:00  WARN 78427 --- [main] o.h.engine.jdbc.spi.SqlExceptionHelper   : relation "review" does not exist, skipping
2023-12-02T01:44:58.411-05:00  WARN 78427 --- [main] o.h.engine.jdbc.spi.SqlExceptionHelper   : SQL Warning Code: 0, SQLState: 00000
2023-12-02T01:44:58.411-05:00  WARN 78427 --- [main] o.h.engine.jdbc.spi.SqlExceptionHelper   : table "address" does not exist, skipping
2023-12-02T01:44:58.443-05:00  WARN 78427 --- [main] o.h.engine.jdbc.spi.SqlExceptionHelper   : SQL Warning Code: 0, SQLState: 00000
2023-12-02T01:44:58.444-05:00  WARN 78427 --- [main] o.h.engine.jdbc.spi.SqlExceptionHelper   : table "cart" does not exist, skipping
2023-12-02T01:44:58.476-05:00  WARN 78427 --- [main] o.h.engine.jdbc.spi.SqlExceptionHelper   : SQL Warning Code: 0, SQLState: 00000
2023-12-02T01:44:58.476-05:00  WARN 78427 --- [main] o.h.engine.jdbc.spi.SqlExceptionHelper   : table "cart_item" does not exist, skipping
2023-12-02T01:44:58.507-05:00  WARN 78427 --- [main] o.h.engine.jdbc.spi.SqlExceptionHelper   : SQL Warning Code: 0, SQLState: 00000
2023-12-02T01:44:58.508-05:00  WARN 78427 --- [main] o.h.engine.jdbc.spi.SqlExceptionHelper   : table "customers" does not exist, skipping
2023-12-02T01:44:58.539-05:00  WARN 78427 --- [main] o.h.engine.jdbc.spi.SqlExceptionHelper   : SQL Warning Code: 0, SQLState: 00000
2023-12-02T01:44:58.540-05:00  WARN 78427 --- [main] o.h.engine.jdbc.spi.SqlExceptionHelper   : table "images" does not exist, skipping
2023-12-02T01:44:58.572-05:00  WARN 78427 --- [main] o.h.engine.jdbc.spi.SqlExceptionHelper   : SQL Warning Code: 0, SQLState: 00000
2023-12-02T01:44:58.573-05:00  WARN 78427 --- [main] o.h.engine.jdbc.spi.SqlExceptionHelper   : table "loan" does not exist, skipping
2023-12-02T01:44:58.606-05:00  WARN 78427 --- [main] o.h.engine.jdbc.spi.SqlExceptionHelper   : SQL Warning Code: 0, SQLState: 00000
2023-12-02T01:44:58.607-05:00  WARN 78427 --- [main] o.h.engine.jdbc.spi.SqlExceptionHelper   : table "orders" does not exist, skipping
2023-12-02T01:44:58.640-05:00  WARN 78427 --- [main] o.h.engine.jdbc.spi.SqlExceptionHelper   : SQL Warning Code: 0, SQLState: 00000
2023-12-02T01:44:58.640-05:00  WARN 78427 --- [main] o.h.engine.jdbc.spi.SqlExceptionHelper   : table "review" does not exist, skipping
2023-12-02T01:44:58.670-05:00  WARN 78427 --- [main] o.h.engine.jdbc.spi.SqlExceptionHelper   : SQL Warning Code: 0, SQLState: 00000
2023-12-02T01:44:58.671-05:00  WARN 78427 --- [main] o.h.engine.jdbc.spi.SqlExceptionHelper   : table "vehicles" does not exist, skipping
2023-12-02T01:44:59.740-05:00 DEBUG 78427 --- [main] c.a.b.config.JwtAuthenticationFilter     : Filter 'jwtAuthenticationFilter' configured for use
2023-12-02T01:45:00.008-05:00  WARN 78427 --- [main] JpaBaseConfiguration$JpaWebConfiguration : spring.jpa.open-in-view is enabled by default. Therefore, database queries may be performed during view rendering. Explicitly configure spring.jpa.open-in-view to disable this warning
2023-12-02T01:45:00.387-05:00  INFO 78427 --- [main] com.axlr8.backend.BackendApplication     : Started BackendApplication in 5.287 seconds (process running for 5.525)
2023-12-02T01:45:01.557-05:00  WARN 78427 --- [registrationTask1] d.c.b.a.c.r.ApplicationRegistrator       : Failed to register application as Application(name=Axlr8Backend, managementUrl=http://localhost:8081/actuator, healthUrl=http://localhost:8081/actuator/health, serviceUrl=http://localhost:8081/) at spring-boot-admin ([http://localhost:8080/instances]): I/O error on POST request for "http://localhost:8080/instances": Connection refused. Further attempts are logged on DEBUG level
2023-12-02T01:46:33.516-05:00  INFO 78547 --- [main] com.axlr8.backend.BackendApplication     : Starting BackendApplication using Java 21.0.1 with PID 78547 (/Users/mafu/Desktop/XLR8/backend/target/classes started by mafu in /Users/mafu/Desktop/XLR8)
2023-12-02T01:46:33.518-05:00 DEBUG 78547 --- [main] com.axlr8.backend.BackendApplication     : Running with Spring Boot v3.1.5, Spring v6.0.13
2023-12-02T01:46:33.518-05:00  INFO 78547 --- [main] com.axlr8.backend.BackendApplication     : No active profile set, falling back to 1 default profile: "default"
2023-12-02T01:46:35.726-05:00  WARN 78547 --- [main] org.hibernate.orm.deprecation            : HHH90000025: PostgreSQLDialect does not need to be specified explicitly using 'hibernate.dialect' (remove the property setting and it will be selected by default)
2023-12-02T01:46:36.502-05:00  WARN 78547 --- [main] o.h.engine.jdbc.spi.SqlExceptionHelper   : SQL Warning Code: 0, SQLState: 00000
2023-12-02T01:46:36.502-05:00  WARN 78547 --- [main] o.h.engine.jdbc.spi.SqlExceptionHelper   : relation "cart" does not exist, skipping
2023-12-02T01:46:36.535-05:00  WARN 78547 --- [main] o.h.engine.jdbc.spi.SqlExceptionHelper   : SQL Warning Code: 0, SQLState: 00000
2023-12-02T01:46:36.536-05:00  WARN 78547 --- [main] o.h.engine.jdbc.spi.SqlExceptionHelper   : relation "cart_item" does not exist, skipping
2023-12-02T01:46:36.588-05:00  WARN 78547 --- [main] o.h.engine.jdbc.spi.SqlExceptionHelper   : SQL Warning Code: 0, SQLState: 00000
2023-12-02T01:46:36.588-05:00  WARN 78547 --- [main] o.h.engine.jdbc.spi.SqlExceptionHelper   : relation "cart_item" does not exist, skipping
2023-12-02T01:46:36.624-05:00  WARN 78547 --- [main] o.h.engine.jdbc.spi.SqlExceptionHelper   : SQL Warning Code: 0, SQLState: 00000
2023-12-02T01:46:36.624-05:00  WARN 78547 --- [main] o.h.engine.jdbc.spi.SqlExceptionHelper   : relation "customers" does not exist, skipping
2023-12-02T01:46:36.658-05:00  WARN 78547 --- [main] o.h.engine.jdbc.spi.SqlExceptionHelper   : SQL Warning Code: 0, SQLState: 00000
2023-12-02T01:46:36.658-05:00  WARN 78547 --- [main] o.h.engine.jdbc.spi.SqlExceptionHelper   : relation "customers" does not exist, skipping
2023-12-02T01:46:36.690-05:00  WARN 78547 --- [main] o.h.engine.jdbc.spi.SqlExceptionHelper   : SQL Warning Code: 0, SQLState: 00000
2023-12-02T01:46:36.691-05:00  WARN 78547 --- [main] o.h.engine.jdbc.spi.SqlExceptionHelper   : relation "images" does not exist, skipping
2023-12-02T01:46:36.723-05:00  WARN 78547 --- [main] o.h.engine.jdbc.spi.SqlExceptionHelper   : SQL Warning Code: 0, SQLState: 00000
2023-12-02T01:46:36.723-05:00  WARN 78547 --- [main] o.h.engine.jdbc.spi.SqlExceptionHelper   : relation "loan" does not exist, skipping
2023-12-02T01:46:36.763-05:00  WARN 78547 --- [main] o.h.engine.jdbc.spi.SqlExceptionHelper   : SQL Warning Code: 0, SQLState: 00000
2023-12-02T01:46:36.764-05:00  WARN 78547 --- [main] o.h.engine.jdbc.spi.SqlExceptionHelper   : relation "review" does not exist, skipping
2023-12-02T01:46:36.804-05:00  WARN 78547 --- [main] o.h.engine.jdbc.spi.SqlExceptionHelper   : SQL Warning Code: 0, SQLState: 00000
2023-12-02T01:46:36.805-05:00  WARN 78547 --- [main] o.h.engine.jdbc.spi.SqlExceptionHelper   : table "address" does not exist, skipping
2023-12-02T01:46:36.843-05:00  WARN 78547 --- [main] o.h.engine.jdbc.spi.SqlExceptionHelper   : SQL Warning Code: 0, SQLState: 00000
2023-12-02T01:46:36.843-05:00  WARN 78547 --- [main] o.h.engine.jdbc.spi.SqlExceptionHelper   : table "cart" does not exist, skipping
2023-12-02T01:46:36.876-05:00  WARN 78547 --- [main] o.h.engine.jdbc.spi.SqlExceptionHelper   : SQL Warning Code: 0, SQLState: 00000
2023-12-02T01:46:36.876-05:00  WARN 78547 --- [main] o.h.engine.jdbc.spi.SqlExceptionHelper   : table "cart_item" does not exist, skipping
2023-12-02T01:46:36.911-05:00  WARN 78547 --- [main] o.h.engine.jdbc.spi.SqlExceptionHelper   : SQL Warning Code: 0, SQLState: 00000
2023-12-02T01:46:36.912-05:00  WARN 78547 --- [main] o.h.engine.jdbc.spi.SqlExceptionHelper   : table "customers" does not exist, skipping
2023-12-02T01:46:36.944-05:00  WARN 78547 --- [main] o.h.engine.jdbc.spi.SqlExceptionHelper   : SQL Warning Code: 0, SQLState: 00000
2023-12-02T01:46:36.944-05:00  WARN 78547 --- [main] o.h.engine.jdbc.spi.SqlExceptionHelper   : table "images" does not exist, skipping
2023-12-02T01:46:36.976-05:00  WARN 78547 --- [main] o.h.engine.jdbc.spi.SqlExceptionHelper   : SQL Warning Code: 0, SQLState: 00000
2023-12-02T01:46:36.976-05:00  WARN 78547 --- [main] o.h.engine.jdbc.spi.SqlExceptionHelper   : table "loan" does not exist, skipping
2023-12-02T01:46:37.010-05:00  WARN 78547 --- [main] o.h.engine.jdbc.spi.SqlExceptionHelper   : SQL Warning Code: 0, SQLState: 00000
2023-12-02T01:46:37.011-05:00  WARN 78547 --- [main] o.h.engine.jdbc.spi.SqlExceptionHelper   : table "orders" does not exist, skipping
2023-12-02T01:46:37.044-05:00  WARN 78547 --- [main] o.h.engine.jdbc.spi.SqlExceptionHelper   : SQL Warning Code: 0, SQLState: 00000
2023-12-02T01:46:37.044-05:00  WARN 78547 --- [main] o.h.engine.jdbc.spi.SqlExceptionHelper   : table "review" does not exist, skipping
2023-12-02T01:46:37.078-05:00  WARN 78547 --- [main] o.h.engine.jdbc.spi.SqlExceptionHelper   : SQL Warning Code: 0, SQLState: 00000
2023-12-02T01:46:37.078-05:00  WARN 78547 --- [main] o.h.engine.jdbc.spi.SqlExceptionHelper   : table "vehicles" does not exist, skipping
2023-12-02T01:46:38.268-05:00 DEBUG 78547 --- [main] c.a.b.config.JwtAuthenticationFilter     : Filter 'jwtAuthenticationFilter' configured for use
2023-12-02T01:46:38.534-05:00  WARN 78547 --- [main] JpaBaseConfiguration$JpaWebConfiguration : spring.jpa.open-in-view is enabled by default. Therefore, database queries may be performed during view rendering. Explicitly configure spring.jpa.open-in-view to disable this warning
2023-12-02T01:46:38.978-05:00  INFO 78547 --- [main] com.axlr8.backend.BackendApplication     : Started BackendApplication in 5.672 seconds (process running for 5.907)
2023-12-02T01:46:40.164-05:00  WARN 78547 --- [registrationTask1] d.c.b.a.c.r.ApplicationRegistrator       : Failed to register application as Application(name=Axlr8Backend, managementUrl=http://localhost:8081/actuator, healthUrl=http://localhost:8081/actuator/health, serviceUrl=http://localhost:8081/) at spring-boot-admin ([http://localhost:8080/instances]): I/O error on POST request for "http://localhost:8080/instances": Connection refused. Further attempts are logged on DEBUG level
2023-12-02T01:48:40.280-05:00  INFO 78703 --- [main] com.axlr8.backend.BackendApplication     : Starting BackendApplication using Java 21.0.1 with PID 78703 (/Users/mafu/Desktop/XLR8/backend/target/classes started by mafu in /Users/mafu/Desktop/XLR8)
2023-12-02T01:48:40.282-05:00 DEBUG 78703 --- [main] com.axlr8.backend.BackendApplication     : Running with Spring Boot v3.1.5, Spring v6.0.13
2023-12-02T01:48:40.282-05:00  INFO 78703 --- [main] com.axlr8.backend.BackendApplication     : No active profile set, falling back to 1 default profile: "default"
2023-12-02T01:48:42.363-05:00  WARN 78703 --- [main] org.hibernate.orm.deprecation            : HHH90000025: PostgreSQLDialect does not need to be specified explicitly using 'hibernate.dialect' (remove the property setting and it will be selected by default)
2023-12-02T01:48:43.181-05:00  WARN 78703 --- [main] o.h.engine.jdbc.spi.SqlExceptionHelper   : SQL Warning Code: 0, SQLState: 00000
2023-12-02T01:48:43.182-05:00  WARN 78703 --- [main] o.h.engine.jdbc.spi.SqlExceptionHelper   : relation "cart" does not exist, skipping
2023-12-02T01:48:43.218-05:00  WARN 78703 --- [main] o.h.engine.jdbc.spi.SqlExceptionHelper   : SQL Warning Code: 0, SQLState: 00000
2023-12-02T01:48:43.218-05:00  WARN 78703 --- [main] o.h.engine.jdbc.spi.SqlExceptionHelper   : relation "cart_item" does not exist, skipping
2023-12-02T01:48:43.250-05:00  WARN 78703 --- [main] o.h.engine.jdbc.spi.SqlExceptionHelper   : SQL Warning Code: 0, SQLState: 00000
2023-12-02T01:48:43.250-05:00  WARN 78703 --- [main] o.h.engine.jdbc.spi.SqlExceptionHelper   : relation "cart_item" does not exist, skipping
2023-12-02T01:48:43.282-05:00  WARN 78703 --- [main] o.h.engine.jdbc.spi.SqlExceptionHelper   : SQL Warning Code: 0, SQLState: 00000
2023-12-02T01:48:43.282-05:00  WARN 78703 --- [main] o.h.engine.jdbc.spi.SqlExceptionHelper   : relation "customers" does not exist, skipping
2023-12-02T01:48:43.318-05:00  WARN 78703 --- [main] o.h.engine.jdbc.spi.SqlExceptionHelper   : SQL Warning Code: 0, SQLState: 00000
2023-12-02T01:48:43.318-05:00  WARN 78703 --- [main] o.h.engine.jdbc.spi.SqlExceptionHelper   : relation "customers" does not exist, skipping
2023-12-02T01:48:43.350-05:00  WARN 78703 --- [main] o.h.engine.jdbc.spi.SqlExceptionHelper   : SQL Warning Code: 0, SQLState: 00000
2023-12-02T01:48:43.350-05:00  WARN 78703 --- [main] o.h.engine.jdbc.spi.SqlExceptionHelper   : relation "images" does not exist, skipping
2023-12-02T01:48:43.381-05:00  WARN 78703 --- [main] o.h.engine.jdbc.spi.SqlExceptionHelper   : SQL Warning Code: 0, SQLState: 00000
2023-12-02T01:48:43.381-05:00  WARN 78703 --- [main] o.h.engine.jdbc.spi.SqlExceptionHelper   : relation "loan" does not exist, skipping
2023-12-02T01:48:43.415-05:00  WARN 78703 --- [main] o.h.engine.jdbc.spi.SqlExceptionHelper   : SQL Warning Code: 0, SQLState: 00000
2023-12-02T01:48:43.415-05:00  WARN 78703 --- [main] o.h.engine.jdbc.spi.SqlExceptionHelper   : relation "review" does not exist, skipping
2023-12-02T01:48:43.446-05:00  WARN 78703 --- [main] o.h.engine.jdbc.spi.SqlExceptionHelper   : SQL Warning Code: 0, SQLState: 00000
2023-12-02T01:48:43.447-05:00  WARN 78703 --- [main] o.h.engine.jdbc.spi.SqlExceptionHelper   : table "address" does not exist, skipping
2023-12-02T01:48:43.512-05:00  WARN 78703 --- [main] o.h.engine.jdbc.spi.SqlExceptionHelper   : SQL Warning Code: 0, SQLState: 00000
2023-12-02T01:48:43.549-05:00  WARN 78703 --- [main] o.h.engine.jdbc.spi.SqlExceptionHelper   : table "cart" does not exist, skipping
2023-12-02T01:48:43.585-05:00  WARN 78703 --- [main] o.h.engine.jdbc.spi.SqlExceptionHelper   : SQL Warning Code: 0, SQLState: 00000
2023-12-02T01:48:43.585-05:00  WARN 78703 --- [main] o.h.engine.jdbc.spi.SqlExceptionHelper   : table "cart_item" does not exist, skipping
2023-12-02T01:48:43.623-05:00  WARN 78703 --- [main] o.h.engine.jdbc.spi.SqlExceptionHelper   : SQL Warning Code: 0, SQLState: 00000
2023-12-02T01:48:43.623-05:00  WARN 78703 --- [main] o.h.engine.jdbc.spi.SqlExceptionHelper   : table "customers" does not exist, skipping
2023-12-02T01:48:43.660-05:00  WARN 78703 --- [main] o.h.engine.jdbc.spi.SqlExceptionHelper   : SQL Warning Code: 0, SQLState: 00000
2023-12-02T01:48:43.663-05:00  WARN 78703 --- [main] o.h.engine.jdbc.spi.SqlExceptionHelper   : table "images" does not exist, skipping
2023-12-02T01:48:43.701-05:00  WARN 78703 --- [main] o.h.engine.jdbc.spi.SqlExceptionHelper   : SQL Warning Code: 0, SQLState: 00000
2023-12-02T01:48:43.702-05:00  WARN 78703 --- [main] o.h.engine.jdbc.spi.SqlExceptionHelper   : table "loan" does not exist, skipping
2023-12-02T01:48:43.735-05:00  WARN 78703 --- [main] o.h.engine.jdbc.spi.SqlExceptionHelper   : SQL Warning Code: 0, SQLState: 00000
2023-12-02T01:48:43.735-05:00  WARN 78703 --- [main] o.h.engine.jdbc.spi.SqlExceptionHelper   : table "orders" does not exist, skipping
2023-12-02T01:48:43.769-05:00  WARN 78703 --- [main] o.h.engine.jdbc.spi.SqlExceptionHelper   : SQL Warning Code: 0, SQLState: 00000
2023-12-02T01:48:43.769-05:00  WARN 78703 --- [main] o.h.engine.jdbc.spi.SqlExceptionHelper   : table "review" does not exist, skipping
2023-12-02T01:48:43.820-05:00  WARN 78703 --- [main] o.h.engine.jdbc.spi.SqlExceptionHelper   : SQL Warning Code: 0, SQLState: 00000
2023-12-02T01:48:43.820-05:00  WARN 78703 --- [main] o.h.engine.jdbc.spi.SqlExceptionHelper   : table "vehicles" does not exist, skipping
2023-12-02T01:48:44.953-05:00 DEBUG 78703 --- [main] c.a.b.config.JwtAuthenticationFilter     : Filter 'jwtAuthenticationFilter' configured for use
2023-12-02T01:48:45.174-05:00  WARN 78703 --- [main] JpaBaseConfiguration$JpaWebConfiguration : spring.jpa.open-in-view is enabled by default. Therefore, database queries may be performed during view rendering. Explicitly configure spring.jpa.open-in-view to disable this warning
2023-12-02T01:48:45.570-05:00  INFO 78703 --- [main] com.axlr8.backend.BackendApplication     : Started BackendApplication in 5.54 seconds (process running for 5.804)
2023-12-02T01:48:47.092-05:00  WARN 78703 --- [registrationTask1] d.c.b.a.c.r.ApplicationRegistrator       : Failed to register application as Application(name=Axlr8Backend, managementUrl=http://localhost:8081/actuator, healthUrl=http://localhost:8081/actuator/health, serviceUrl=http://localhost:8081/) at spring-boot-admin ([http://localhost:8080/instances]): I/O error on POST request for "http://localhost:8080/instances": Connection refused. Further attempts are logged on DEBUG level
2023-12-02T01:49:31.832-05:00  INFO 78767 --- [main] com.axlr8.backend.BackendApplication     : Starting BackendApplication using Java 21.0.1 with PID 78767 (/Users/mafu/Desktop/XLR8/backend/target/classes started by mafu in /Users/mafu/Desktop/XLR8)
2023-12-02T01:49:31.834-05:00 DEBUG 78767 --- [main] com.axlr8.backend.BackendApplication     : Running with Spring Boot v3.1.5, Spring v6.0.13
2023-12-02T01:49:31.834-05:00  INFO 78767 --- [main] com.axlr8.backend.BackendApplication     : No active profile set, falling back to 1 default profile: "default"
2023-12-02T01:49:34.208-05:00  WARN 78767 --- [main] org.hibernate.orm.deprecation            : HHH90000025: PostgreSQLDialect does not need to be specified explicitly using 'hibernate.dialect' (remove the property setting and it will be selected by default)
2023-12-02T01:49:34.892-05:00  WARN 78767 --- [main] o.h.engine.jdbc.spi.SqlExceptionHelper   : SQL Warning Code: 0, SQLState: 00000
2023-12-02T01:49:34.892-05:00  WARN 78767 --- [main] o.h.engine.jdbc.spi.SqlExceptionHelper   : relation "cart" does not exist, skipping
2023-12-02T01:49:34.983-05:00  WARN 78767 --- [main] o.h.engine.jdbc.spi.SqlExceptionHelper   : SQL Warning Code: 0, SQLState: 00000
2023-12-02T01:49:34.984-05:00  WARN 78767 --- [main] o.h.engine.jdbc.spi.SqlExceptionHelper   : relation "cart_item" does not exist, skipping
2023-12-02T01:49:35.086-05:00  WARN 78767 --- [main] o.h.engine.jdbc.spi.SqlExceptionHelper   : SQL Warning Code: 0, SQLState: 00000
2023-12-02T01:49:35.086-05:00  WARN 78767 --- [main] o.h.engine.jdbc.spi.SqlExceptionHelper   : relation "cart_item" does not exist, skipping
2023-12-02T01:49:35.117-05:00  WARN 78767 --- [main] o.h.engine.jdbc.spi.SqlExceptionHelper   : SQL Warning Code: 0, SQLState: 00000
2023-12-02T01:49:35.118-05:00  WARN 78767 --- [main] o.h.engine.jdbc.spi.SqlExceptionHelper   : relation "customers" does not exist, skipping
2023-12-02T01:49:35.149-05:00  WARN 78767 --- [main] o.h.engine.jdbc.spi.SqlExceptionHelper   : SQL Warning Code: 0, SQLState: 00000
2023-12-02T01:49:35.150-05:00  WARN 78767 --- [main] o.h.engine.jdbc.spi.SqlExceptionHelper   : relation "customers" does not exist, skipping
2023-12-02T01:49:35.186-05:00  WARN 78767 --- [main] o.h.engine.jdbc.spi.SqlExceptionHelper   : SQL Warning Code: 0, SQLState: 00000
2023-12-02T01:49:35.186-05:00  WARN 78767 --- [main] o.h.engine.jdbc.spi.SqlExceptionHelper   : relation "images" does not exist, skipping
2023-12-02T01:49:35.221-05:00  WARN 78767 --- [main] o.h.engine.jdbc.spi.SqlExceptionHelper   : SQL Warning Code: 0, SQLState: 00000
2023-12-02T01:49:35.222-05:00  WARN 78767 --- [main] o.h.engine.jdbc.spi.SqlExceptionHelper   : relation "loan" does not exist, skipping
2023-12-02T01:49:35.253-05:00  WARN 78767 --- [main] o.h.engine.jdbc.spi.SqlExceptionHelper   : SQL Warning Code: 0, SQLState: 00000
2023-12-02T01:49:35.255-05:00  WARN 78767 --- [main] o.h.engine.jdbc.spi.SqlExceptionHelper   : relation "review" does not exist, skipping
2023-12-02T01:49:35.289-05:00  WARN 78767 --- [main] o.h.engine.jdbc.spi.SqlExceptionHelper   : SQL Warning Code: 0, SQLState: 00000
2023-12-02T01:49:35.289-05:00  WARN 78767 --- [main] o.h.engine.jdbc.spi.SqlExceptionHelper   : table "address" does not exist, skipping
2023-12-02T01:49:35.322-05:00  WARN 78767 --- [main] o.h.engine.jdbc.spi.SqlExceptionHelper   : SQL Warning Code: 0, SQLState: 00000
2023-12-02T01:49:35.322-05:00  WARN 78767 --- [main] o.h.engine.jdbc.spi.SqlExceptionHelper   : table "cart" does not exist, skipping
2023-12-02T01:49:35.356-05:00  WARN 78767 --- [main] o.h.engine.jdbc.spi.SqlExceptionHelper   : SQL Warning Code: 0, SQLState: 00000
2023-12-02T01:49:35.357-05:00  WARN 78767 --- [main] o.h.engine.jdbc.spi.SqlExceptionHelper   : table "cart_item" does not exist, skipping
2023-12-02T01:49:35.390-05:00  WARN 78767 --- [main] o.h.engine.jdbc.spi.SqlExceptionHelper   : SQL Warning Code: 0, SQLState: 00000
2023-12-02T01:49:35.391-05:00  WARN 78767 --- [main] o.h.engine.jdbc.spi.SqlExceptionHelper   : table "customers" does not exist, skipping
2023-12-02T01:49:35.424-05:00  WARN 78767 --- [main] o.h.engine.jdbc.spi.SqlExceptionHelper   : SQL Warning Code: 0, SQLState: 00000
2023-12-02T01:49:35.424-05:00  WARN 78767 --- [main] o.h.engine.jdbc.spi.SqlExceptionHelper   : table "images" does not exist, skipping
2023-12-02T01:49:35.457-05:00  WARN 78767 --- [main] o.h.engine.jdbc.spi.SqlExceptionHelper   : SQL Warning Code: 0, SQLState: 00000
2023-12-02T01:49:35.458-05:00  WARN 78767 --- [main] o.h.engine.jdbc.spi.SqlExceptionHelper   : table "loan" does not exist, skipping
2023-12-02T01:49:35.495-05:00  WARN 78767 --- [main] o.h.engine.jdbc.spi.SqlExceptionHelper   : SQL Warning Code: 0, SQLState: 00000
2023-12-02T01:49:35.495-05:00  WARN 78767 --- [main] o.h.engine.jdbc.spi.SqlExceptionHelper   : table "orders" does not exist, skipping
2023-12-02T01:49:35.527-05:00  WARN 78767 --- [main] o.h.engine.jdbc.spi.SqlExceptionHelper   : SQL Warning Code: 0, SQLState: 00000
2023-12-02T01:49:35.528-05:00  WARN 78767 --- [main] o.h.engine.jdbc.spi.SqlExceptionHelper   : table "review" does not exist, skipping
2023-12-02T01:49:35.560-05:00  WARN 78767 --- [main] o.h.engine.jdbc.spi.SqlExceptionHelper   : SQL Warning Code: 0, SQLState: 00000
2023-12-02T01:49:35.561-05:00  WARN 78767 --- [main] o.h.engine.jdbc.spi.SqlExceptionHelper   : table "vehicles" does not exist, skipping
2023-12-02T01:49:37.481-05:00 DEBUG 78767 --- [main] c.a.b.config.JwtAuthenticationFilter     : Filter 'jwtAuthenticationFilter' configured for use
2023-12-02T01:49:37.724-05:00  WARN 78767 --- [main] JpaBaseConfiguration$JpaWebConfiguration : spring.jpa.open-in-view is enabled by default. Therefore, database queries may be performed during view rendering. Explicitly configure spring.jpa.open-in-view to disable this warning
2023-12-02T01:49:38.131-05:00  INFO 78767 --- [main] com.axlr8.backend.BackendApplication     : Started BackendApplication in 6.628 seconds (process running for 6.911)
2023-12-02T01:49:39.366-05:00  WARN 78767 --- [registrationTask1] d.c.b.a.c.r.ApplicationRegistrator       : Failed to register application as Application(name=Axlr8Backend, managementUrl=http://localhost:8081/actuator, healthUrl=http://localhost:8081/actuator/health, serviceUrl=http://localhost:8081/) at spring-boot-admin ([http://localhost:8080/instances]): I/O error on POST request for "http://localhost:8080/instances": Connection refused. Further attempts are logged on DEBUG level
