2023-11-30T19:53:07.272-05:00  INFO 34855 --- [main] com.axlr8.backend.BackendApplication     : Starting BackendApplication using Java 21.0.1 with PID 34855 (/Users/nadimac/Documents/AXLR8/XLR8/AXLR8/target/classes started by nadimac in /Users/nadimac/Documents/AXLR8/XLR8/AXLR8)
2023-11-30T19:53:07.273-05:00 DEBUG 34855 --- [main] com.axlr8.backend.BackendApplication     : Running with Spring Boot v3.1.5, Spring v6.0.13
2023-11-30T19:53:07.274-05:00  INFO 34855 --- [main] com.axlr8.backend.BackendApplication     : No active profile set, falling back to 1 default profile: "default"
2023-11-30T19:53:08.556-05:00  WARN 34855 --- [main] org.hibernate.orm.deprecation            : HHH90000025: PostgreSQLDialect does not need to be specified explicitly using 'hibernate.dialect' (remove the property setting and it will be selected by default)
2023-11-30T19:53:09.228-05:00  WARN 34855 --- [main] o.h.engine.jdbc.spi.SqlExceptionHelper   : SQL Warning Code: 0, SQLState: 00000
2023-11-30T19:53:09.228-05:00  WARN 34855 --- [main] o.h.engine.jdbc.spi.SqlExceptionHelper   : relation "cart" does not exist, skipping
2023-11-30T19:53:09.228-05:00  WARN 34855 --- [main] o.h.engine.jdbc.spi.SqlExceptionHelper   : SQL Warning Code: 0, SQLState: 00000
2023-11-30T19:53:09.228-05:00  WARN 34855 --- [main] o.h.engine.jdbc.spi.SqlExceptionHelper   : relation "cart_item" does not exist, skipping
2023-11-30T19:53:09.229-05:00  WARN 34855 --- [main] o.h.engine.jdbc.spi.SqlExceptionHelper   : SQL Warning Code: 0, SQLState: 00000
2023-11-30T19:53:09.229-05:00  WARN 34855 --- [main] o.h.engine.jdbc.spi.SqlExceptionHelper   : relation "cart_item" does not exist, skipping
2023-11-30T19:53:09.229-05:00  WARN 34855 --- [main] o.h.engine.jdbc.spi.SqlExceptionHelper   : SQL Warning Code: 0, SQLState: 00000
2023-11-30T19:53:09.229-05:00  WARN 34855 --- [main] o.h.engine.jdbc.spi.SqlExceptionHelper   : relation "customers" does not exist, skipping
2023-11-30T19:53:09.229-05:00  WARN 34855 --- [main] o.h.engine.jdbc.spi.SqlExceptionHelper   : SQL Warning Code: 0, SQLState: 00000
2023-11-30T19:53:09.229-05:00  WARN 34855 --- [main] o.h.engine.jdbc.spi.SqlExceptionHelper   : relation "customers" does not exist, skipping
2023-11-30T19:53:09.229-05:00  WARN 34855 --- [main] o.h.engine.jdbc.spi.SqlExceptionHelper   : SQL Warning Code: 0, SQLState: 00000
2023-11-30T19:53:09.230-05:00  WARN 34855 --- [main] o.h.engine.jdbc.spi.SqlExceptionHelper   : relation "images" does not exist, skipping
2023-11-30T19:53:09.230-05:00  WARN 34855 --- [main] o.h.engine.jdbc.spi.SqlExceptionHelper   : SQL Warning Code: 0, SQLState: 00000
2023-11-30T19:53:09.230-05:00  WARN 34855 --- [main] o.h.engine.jdbc.spi.SqlExceptionHelper   : relation "loan" does not exist, skipping
2023-11-30T19:53:09.231-05:00  WARN 34855 --- [main] o.h.engine.jdbc.spi.SqlExceptionHelper   : SQL Warning Code: 0, SQLState: 00000
2023-11-30T19:53:09.231-05:00  WARN 34855 --- [main] o.h.engine.jdbc.spi.SqlExceptionHelper   : relation "review" does not exist, skipping
2023-11-30T19:53:09.231-05:00  WARN 34855 --- [main] o.h.engine.jdbc.spi.SqlExceptionHelper   : SQL Warning Code: 0, SQLState: 00000
2023-11-30T19:53:09.231-05:00  WARN 34855 --- [main] o.h.engine.jdbc.spi.SqlExceptionHelper   : table "address" does not exist, skipping
2023-11-30T19:53:09.232-05:00  WARN 34855 --- [main] o.h.engine.jdbc.spi.SqlExceptionHelper   : SQL Warning Code: 0, SQLState: 00000
2023-11-30T19:53:09.232-05:00  WARN 34855 --- [main] o.h.engine.jdbc.spi.SqlExceptionHelper   : table "cart" does not exist, skipping
2023-11-30T19:53:09.233-05:00  WARN 34855 --- [main] o.h.engine.jdbc.spi.SqlExceptionHelper   : SQL Warning Code: 0, SQLState: 00000
2023-11-30T19:53:09.233-05:00  WARN 34855 --- [main] o.h.engine.jdbc.spi.SqlExceptionHelper   : table "cart_item" does not exist, skipping
2023-11-30T19:53:09.233-05:00  WARN 34855 --- [main] o.h.engine.jdbc.spi.SqlExceptionHelper   : SQL Warning Code: 0, SQLState: 00000
2023-11-30T19:53:09.233-05:00  WARN 34855 --- [main] o.h.engine.jdbc.spi.SqlExceptionHelper   : table "customers" does not exist, skipping
2023-11-30T19:53:09.233-05:00  WARN 34855 --- [main] o.h.engine.jdbc.spi.SqlExceptionHelper   : SQL Warning Code: 0, SQLState: 00000
2023-11-30T19:53:09.233-05:00  WARN 34855 --- [main] o.h.engine.jdbc.spi.SqlExceptionHelper   : table "images" does not exist, skipping
2023-11-30T19:53:09.234-05:00  WARN 34855 --- [main] o.h.engine.jdbc.spi.SqlExceptionHelper   : SQL Warning Code: 0, SQLState: 00000
2023-11-30T19:53:09.234-05:00  WARN 34855 --- [main] o.h.engine.jdbc.spi.SqlExceptionHelper   : table "loan" does not exist, skipping
2023-11-30T19:53:09.234-05:00  WARN 34855 --- [main] o.h.engine.jdbc.spi.SqlExceptionHelper   : SQL Warning Code: 0, SQLState: 00000
2023-11-30T19:53:09.234-05:00  WARN 34855 --- [main] o.h.engine.jdbc.spi.SqlExceptionHelper   : table "orders" does not exist, skipping
2023-11-30T19:53:09.234-05:00  WARN 34855 --- [main] o.h.engine.jdbc.spi.SqlExceptionHelper   : SQL Warning Code: 0, SQLState: 00000
2023-11-30T19:53:09.235-05:00  WARN 34855 --- [main] o.h.engine.jdbc.spi.SqlExceptionHelper   : table "review" does not exist, skipping
2023-11-30T19:53:09.235-05:00  WARN 34855 --- [main] o.h.engine.jdbc.spi.SqlExceptionHelper   : SQL Warning Code: 0, SQLState: 00000
2023-11-30T19:53:09.235-05:00  WARN 34855 --- [main] o.h.engine.jdbc.spi.SqlExceptionHelper   : table "vehicles" does not exist, skipping
2023-11-30T19:53:09.705-05:00 DEBUG 34855 --- [main] c.a.b.config.JwtAuthenticationFilter     : Filter 'jwtAuthenticationFilter' configured for use
2023-11-30T19:53:09.922-05:00  WARN 34855 --- [main] JpaBaseConfiguration$JpaWebConfiguration : spring.jpa.open-in-view is enabled by default. Therefore, database queries may be performed during view rendering. Explicitly configure spring.jpa.open-in-view to disable this warning
2023-11-30T19:53:10.388-05:00  INFO 34855 --- [main] com.axlr8.backend.BackendApplication     : Started BackendApplication in 3.35 seconds (process running for 3.819)
2023-11-30T19:53:10.535-05:00  WARN 34855 --- [registrationTask1] d.c.b.a.c.r.ApplicationRegistrator       : Failed to register application as Application(name=Axlr8Backend, managementUrl=http://localhost:8081/actuator, healthUrl=http://localhost:8081/actuator/health, serviceUrl=http://localhost:8081/) at spring-boot-admin ([http://localhost:8080/instances]): I/O error on POST request for "http://localhost:8080/instances": Connection refused. Further attempts are logged on DEBUG level
